<?xml version="1.0" encoding="UTF-8"?>
<!-- Generated by org.testng.reporters.JUnitXMLReporter -->
<testsuite hostname="DESKTOP-OPH57PF" ignored="15" name="Test2" tests="2" failures="0" timestamp="28 Sep 2021 14:53:36 GMT" time="41.104" errors="0">
  <testcase name="notoificationBelliconVerification" time="20.395" classname="testcases.Dashboard"/>
  <testcase name="stockButtonVerification" time="7.465" classname="testcases.Dashboard"/>
  <testcase name="fileUploadVerification" time="0.0" classname="testcases.Dashboard">
    <ignored/>
  </testcase> <!-- fileUploadVerification -->
  <testcase name="bugButtonVerification" time="0.0" classname="testcases.Dashboard">
    <ignored/>
  </testcase> <!-- bugButtonVerification -->
  <testcase name="mailboxFunctionsVerification" time="0.0" classname="testcases.Dashboard">
    <ignored/>
  </testcase> <!-- mailboxFunctionsVerification -->
  <testcase name="invoicemoreInfoVerification" time="0.0" classname="testcases.Dashboard">
    <ignored/>
  </testcase> <!-- invoicemoreInfoVerification -->
  <testcase name="projectStatuschangeVerification" time="0.0" classname="testcases.Dashboard">
    <ignored/>
  </testcase> <!-- projectStatuschangeVerification -->
  <testcase name="calendarPageVerification" time="0.0" classname="testcases.Dashboard">
    <ignored/>
  </testcase> <!-- calendarPageVerification -->
  <testcase name="calculatorVerification" time="0.0" classname="testcases.Dashboard">
    <ignored/>
  </testcase> <!-- calculatorVerification -->
  <testcase name="activitiesVerification" time="0.0" classname="testcases.Dashboard">
    <ignored/>
  </testcase> <!-- activitiesVerification -->
  <testcase name="checkboxprojectVerification" time="0.0" classname="testcases.Dashboard">
    <ignored/>
  </testcase> <!-- checkboxprojectVerification -->
  <testcase name="Verification" time="0.0" classname="testcases.Dashboard">
    <ignored/>
  </testcase> <!-- Verification -->
  <testcase name="searchboxMenuVerification" time="0.0" classname="testcases.Dashboard">
    <ignored/>
  </testcase> <!-- searchboxMenuVerification -->
  <testcase name="iframeCountVerification" time="0.0" classname="testcases.Dashboard">
    <ignored/>
  </testcase> <!-- iframeCountVerification -->
  <testcase name="ScrolldowndashVerification" time="0.0" classname="testcases.Dashboard">
    <ignored/>
  </testcase> <!-- ScrolldowndashVerification -->
  <testcase name="mailboxPageVerification" time="0.0" classname="testcases.Dashboard">
    <ignored/>
  </testcase> <!-- mailboxPageVerification -->
  <testcase name="calculatorClearVerification" time="0.0" classname="testcases.Dashboard">
    <ignored/>
  </testcase> <!-- calculatorClearVerification -->
</testsuite> <!-- Test2 -->
