<?xml version="1.0" encoding="UTF-8"?>
<!-- Generated by org.testng.reporters.JUnitXMLReporter -->
<testsuite hostname="DESKTOP-OPH57PF" ignored="25" name="Test" tests="5" failures="0" timestamp="28 Sep 2021 14:55:08 GMT" time="43.561" errors="0">
  <testcase name="urlVerification" time="0.048" classname="testcases.Loginpage"/>
  <testcase name="displayUsernamePassword" time="0.204" classname="testcases.Loginpage"/>
  <testcase name="loginVerificationcorrectvalues" time="16.598" classname="testcases.Loginpage"/>
  <testcase name="notoificationBelliconVerification" time="7.842" classname="testcases.Dashboard"/>
  <testcase name="stockButtonVerification" time="5.309" classname="testcases.Dashboard"/>
  <testcase name="bugButtonVerification" time="0.0" classname="testcases.Dashboard">
    <ignored/>
  </testcase> <!-- bugButtonVerification -->
  <testcase name="rememberedPasswordVerification" time="0.0" classname="testcases.Loginpage">
    <ignored/>
  </testcase> <!-- rememberedPasswordVerification -->
  <testcase name="mailboxFunctionsVerification" time="0.0" classname="testcases.Dashboard">
    <ignored/>
  </testcase> <!-- mailboxFunctionsVerification -->
  <testcase name="loginVerificationrememberme" time="0.0" classname="testcases.Loginpage">
    <ignored/>
  </testcase> <!-- loginVerificationrememberme -->
  <testcase name="getyourAccountVerification" time="0.0" classname="testcases.Loginpage">
    <ignored/>
  </testcase> <!-- getyourAccountVerification -->
  <testcase name="invoicemoreInfoVerification" time="0.0" classname="testcases.Dashboard">
    <ignored/>
  </testcase> <!-- invoicemoreInfoVerification -->
  <testcase name="projectStatuschangeVerification" time="0.0" classname="testcases.Dashboard">
    <ignored/>
  </testcase> <!-- projectStatuschangeVerification -->
  <testcase name="calculatorVerification" time="0.0" classname="testcases.Dashboard">
    <ignored/>
  </testcase> <!-- calculatorVerification -->
  <testcase name="forgotPasswordVerification" time="0.0" classname="testcases.Loginpage">
    <ignored/>
  </testcase> <!-- forgotPasswordVerification -->
  <testcase name="checkboxprojectVerification" time="0.0" classname="testcases.Dashboard">
    <ignored/>
  </testcase> <!-- checkboxprojectVerification -->
  <testcase name="loginVerificationInvalidUsername" time="0.0" classname="testcases.Loginpage">
    <ignored/>
  </testcase> <!-- loginVerificationInvalidUsername -->
  <testcase name="searchboxMenuVerification" time="0.0" classname="testcases.Dashboard">
    <ignored/>
  </testcase> <!-- searchboxMenuVerification -->
  <testcase name="mailboxPageVerification" time="0.0" classname="testcases.Dashboard">
    <ignored/>
  </testcase> <!-- mailboxPageVerification -->
  <testcase name="calculatorClearVerification" time="0.0" classname="testcases.Dashboard">
    <ignored/>
  </testcase> <!-- calculatorClearVerification -->
  <testcase name="fileUploadVerification" time="0.0" classname="testcases.Dashboard">
    <ignored/>
  </testcase> <!-- fileUploadVerification -->
  <testcase name="loginVerificationwithblankfields" time="0.0" classname="testcases.Loginpage">
    <ignored/>
  </testcase> <!-- loginVerificationwithblankfields -->
  <testcase name="calendarPageVerification" time="0.0" classname="testcases.Dashboard">
    <ignored/>
  </testcase> <!-- calendarPageVerification -->
  <testcase name="signinRegisterVerification" time="0.0" classname="testcases.Loginpage">
    <ignored/>
  </testcase> <!-- signinRegisterVerification -->
  <testcase name="activitiesVerification" time="0.0" classname="testcases.Dashboard">
    <ignored/>
  </testcase> <!-- activitiesVerification -->
  <testcase name="Verification" time="0.0" classname="testcases.Dashboard">
    <ignored/>
  </testcase> <!-- Verification -->
  <testcase name="loginVerificationInvalidUserPassword" time="0.0" classname="testcases.Loginpage">
    <ignored/>
  </testcase> <!-- loginVerificationInvalidUserPassword -->
  <testcase name="iframeCountVerification" time="0.0" classname="testcases.Dashboard">
    <ignored/>
  </testcase> <!-- iframeCountVerification -->
  <testcase name="loginVerificationInvalidPassword" time="0.0" classname="testcases.Loginpage">
    <ignored/>
  </testcase> <!-- loginVerificationInvalidPassword -->
  <testcase name="ScrolldowndashVerification" time="0.0" classname="testcases.Dashboard">
    <ignored/>
  </testcase> <!-- ScrolldowndashVerification -->
  <testcase name="logoutVerification" time="0.0" classname="testcases.Loginpage">
    <ignored/>
  </testcase> <!-- logoutVerification -->
</testsuite> <!-- Test -->
