<?xml version="1.0" encoding="UTF-8"?>
<!-- Generated by org.testng.reporters.JUnitXMLReporter -->
<testsuite hostname="DESKTOP-OPH57PF" ignored="10" name="Default test" tests="3" failures="0" timestamp="29 Sep 2021 06:33:33 GMT" time="21.507" errors="0">
  <testcase name="urlVerification" time="0.052" classname="testcases.Loginpage"/>
  <testcase name="displayUsernamePassword" time="0.18" classname="testcases.Loginpage"/>
  <testcase name="loginVerificationcorrectvalues" time="14.18" classname="testcases.Loginpage"/>
  <testcase name="signinRegisterVerification" time="0.0" classname="testcases.Loginpage">
    <ignored/>
  </testcase> <!-- signinRegisterVerification -->
  <testcase name="rememberedPasswordVerification" time="0.0" classname="testcases.Loginpage">
    <ignored/>
  </testcase> <!-- rememberedPasswordVerification -->
  <testcase name="forgotPasswordVerification" time="0.0" classname="testcases.Loginpage">
    <ignored/>
  </testcase> <!-- forgotPasswordVerification -->
  <testcase name="loginVerificationInvalidUsername" time="0.0" classname="testcases.Loginpage">
    <ignored/>
  </testcase> <!-- loginVerificationInvalidUsername -->
  <testcase name="loginVerificationrememberme" time="0.0" classname="testcases.Loginpage">
    <ignored/>
  </testcase> <!-- loginVerificationrememberme -->
  <testcase name="getyourAccountVerification" time="0.0" classname="testcases.Loginpage">
    <ignored/>
  </testcase> <!-- getyourAccountVerification -->
  <testcase name="loginVerificationInvalidUserPassword" time="0.0" classname="testcases.Loginpage">
    <ignored/>
  </testcase> <!-- loginVerificationInvalidUserPassword -->
  <testcase name="loginVerificationInvalidPassword" time="0.0" classname="testcases.Loginpage">
    <ignored/>
  </testcase> <!-- loginVerificationInvalidPassword -->
  <testcase name="logoutVerification" time="0.0" classname="testcases.Loginpage">
    <ignored/>
  </testcase> <!-- logoutVerification -->
  <testcase name="loginVerificationwithblankfields" time="0.0" classname="testcases.Loginpage">
    <ignored/>
  </testcase> <!-- loginVerificationwithblankfields -->
</testsuite> <!-- Default test -->
