<?xml version="1.0" encoding="UTF-8"?>
<testng-results skipped="0" failed="0" ignored="10" total="13" passed="3">
  <reporter-output>
  </reporter-output>
  <suite name="Default suite" duration-ms="21507" started-at="2021-09-29T06:33:12Z" finished-at="2021-09-29T06:33:33Z">
    <groups>
      <group name="smoke">
        <method signature="Loginpage.urlVerification()[pri:1, instance:testcases.Loginpage@6da21078]" name="urlVerification" class="testcases.Loginpage"/>
      </group> <!-- smoke -->
    </groups>
    <test name="Default test" duration-ms="21507" started-at="2021-09-29T06:33:12Z" finished-at="2021-09-29T06:33:33Z">
      <class name="testcases.Loginpage">
        <test-method status="PASS" signature="beforeTest(java.lang.String)[pri:0, instance:testcases.Loginpage@6da21078]" name="beforeTest" is-config="true" duration-ms="6252" started-at="2021-09-29T06:33:12Z" finished-at="2021-09-29T06:33:18Z">
          <params>
            <param index="0">
              <value>
                <![CDATA[chrome]]>
              </value>
            </param>
          </params>
          <reporter-output>
          </reporter-output>
        </test-method> <!-- beforeTest -->
        <test-method status="PASS" signature="urlVerification()[pri:1, instance:testcases.Loginpage@6da21078]" name="urlVerification" duration-ms="52" started-at="2021-09-29T06:33:18Z" finished-at="2021-09-29T06:33:18Z">
          <reporter-output>
          </reporter-output>
        </test-method> <!-- urlVerification -->
        <test-method status="PASS" signature="takeScreenShotOnFailure(org.testng.ITestResult)[pri:0, instance:testcases.Loginpage@6da21078]" name="takeScreenShotOnFailure" is-config="true" duration-ms="3" started-at="2021-09-29T06:33:18Z" finished-at="2021-09-29T06:33:18Z">
          <params>
            <param index="0">
              <value>
                <![CDATA[[TestResult name=urlVerification status=SUCCESS method=Loginpage.urlVerification()[pri:1, instance:testcases.Loginpage@6da21078] output={null}]]]>
              </value>
            </param>
          </params>
          <reporter-output>
          </reporter-output>
        </test-method> <!-- takeScreenShotOnFailure -->
        <test-method status="PASS" signature="displayUsernamePassword()[pri:2, instance:testcases.Loginpage@6da21078]" name="displayUsernamePassword" duration-ms="180" started-at="2021-09-29T06:33:18Z" finished-at="2021-09-29T06:33:19Z">
          <reporter-output>
          </reporter-output>
        </test-method> <!-- displayUsernamePassword -->
        <test-method status="PASS" signature="takeScreenShotOnFailure(org.testng.ITestResult)[pri:0, instance:testcases.Loginpage@6da21078]" name="takeScreenShotOnFailure" is-config="true" duration-ms="1" started-at="2021-09-29T06:33:19Z" finished-at="2021-09-29T06:33:19Z">
          <params>
            <param index="0">
              <value>
                <![CDATA[[TestResult name=displayUsernamePassword status=SUCCESS method=Loginpage.displayUsernamePassword()[pri:2, instance:testcases.Loginpage@6da21078] output={null}]]]>
              </value>
            </param>
          </params>
          <reporter-output>
          </reporter-output>
        </test-method> <!-- takeScreenShotOnFailure -->
        <test-method status="PASS" signature="loginVerificationcorrectvalues()[pri:3, instance:testcases.Loginpage@6da21078]" name="loginVerificationcorrectvalues" duration-ms="14180" started-at="2021-09-29T06:33:19Z" finished-at="2021-09-29T06:33:33Z">
          <reporter-output>
          </reporter-output>
        </test-method> <!-- loginVerificationcorrectvalues -->
        <test-method status="PASS" signature="takeScreenShotOnFailure(org.testng.ITestResult)[pri:0, instance:testcases.Loginpage@6da21078]" name="takeScreenShotOnFailure" is-config="true" duration-ms="2" started-at="2021-09-29T06:33:33Z" finished-at="2021-09-29T06:33:33Z">
          <params>
            <param index="0">
              <value>
                <![CDATA[[TestResult name=loginVerificationcorrectvalues status=SUCCESS method=Loginpage.loginVerificationcorrectvalues()[pri:3, instance:testcases.Loginpage@6da21078] output={null}]]]>
              </value>
            </param>
          </params>
          <reporter-output>
          </reporter-output>
        </test-method> <!-- takeScreenShotOnFailure -->
        <test-method status="PASS" signature="afterTest()[pri:0, instance:testcases.Loginpage@6da21078]" name="afterTest" is-config="true" duration-ms="209" started-at="2021-09-29T06:33:33Z" finished-at="2021-09-29T06:33:33Z">
          <reporter-output>
          </reporter-output>
        </test-method> <!-- afterTest -->
      </class> <!-- testcases.Loginpage -->
    </test> <!-- Default test -->
  </suite> <!-- Default suite -->
</testng-results>
